Arguments: 
  C:\Program Files\nodejs\node.exe C:\Users\USER 2\AppData\Roaming\npm\node_modules\yarn\bin\yarn.js add react-helmet

PATH: 
  C:\Program Files\nodejs;C:\Program Files\Common Files\Oracle\Java\javapath;C:\Program Files (x86)\Common Files\Oracle\Java\javapath;C:\Windows\system32;C:\Windows;C:\Windows\System32\Wbem;C:\Windows\System32\WindowsPowerShell\v1.0\;C:\Windows\System32\OpenSSH\;C:\Users\USER 2\AppData\Local\Android\Sdk\platform-tools;C:\Program Files\Java\jdk-18.0.2.1\bin;C:\Program Files\Git\cmd;C:\ProgramData\chocolatey\bin;C:\Users\USER 2\AppData\Local\Microsoft\WindowsApps;C:\Program Files\MongoDB\Server\6.0\bin;C:\Users\USER 2\AppData\Local\GitHubDesktop\bin;C:\Users\USER 2\AppData\Local\Programs\Microsoft VS Code\bin;C:\Users\USER 2\AppData\Roaming\npm;C:\Progra~1\RedHat\java-11-openjdk-11.0.1.13-1\bin;C:\Program Files\PostgreSQL\15\bin;C:\Users\USER 2\AppData\Roaming\nvm;C:\Program Files\nodejs;C:\Users\USER 2\AppData\Local\jdk-11.0.2\bin;C:\Users\USER 2\AppData\Local\Microsoft\WindowsApps;C:\Users\USER 2\AppData\Local\Android\Sdk\platform-tools;C:\Program Files\Java\jdk-18.0.2.1\bin;C:\Program Files\MongoDB\Server\6.0\bin;C:\Users\USER 2\AppData\Local\Programs\Microsoft VS Code\bin;C:\Program Files\heroku\bin;C:\Program Files\JetBrains\PyCharm Community Edition 2023.1\bin;;C:\Users\USER 2\AppData\Roaming\npm;C:\Users\USER 2\AppData\Roaming\nvm;C:\Program Files\nodejs;C:\Program Files\nodejs;

Yarn version: 
  1.22.19

Node version: 
  18.17.1

Platform: 
  win32 x64

Trace: 
  Error: EPERM: operation not permitted, unlink 'E:\vaishnav\testgatsby\node_modules\@msgpackr-extract\msgpackr-extract-win32-x64\node.abi108.node'

npm manifest: 
  {
    "name": "learngatsby",
    "version": "1.0.0",
    "private": true,
    "description": "learngatsby",
    "keywords": [
      "gatsby"
    ],
    "scripts": {
      "develop": "gatsby develop",
      "start": "gatsby develop",
      "build": "gatsby build",
      "serve": "gatsby serve",
      "clean": "gatsby clean",
      "typecheck": "tsc --noEmit"
    },
    "dependencies": {
      "@ant-design/icons": "^5.2.6",
      "antd": "5.8.6",
      "gatsby": "^5.12.3",
      "gatsby-plugin-antd": "^2.2.0",
      "gatsby-plugin-netlify-cms": "^7.12.0",
      "gatsby-plugin-sass": "^6.12.0",
      "gatsby-plugin-sitemap": "^6.12.0",
      "netlify-cms-app": "^2.15.72",
      "react": "^18.2.0",
      "react-dom": "^18.2.0",
      "sass": "^1.66.1"
    },
    "devDependencies": {
      "@types/node": "^20.3.3",
      "@types/react": "^18.2.14",
      "@types/react-dom": "^18.2.6",
      "typescript": "^5.1.6"
    }
  }

yarn manifest: 
  No manifest

Lockfile: 
  No lockfile
